<?xml version="1.0" encoding="UTF-8"?>

<beans xmlns="http://www.springframework.org/schema/beans"
	xmlns:mvc="http://www.springframework.org/schema/mvc" xmlns:context="http://www.springframework.org/schema/context"
	xmlns:xsi="http://www.w3.org/2001/XMLSchema-instance"
	xsi:schemaLocation="
        http://www.springframework.org/schema/beans     
        http://www.springframework.org/schema/beans/spring-beans.xsd
        http://www.springframework.org/schema/mvc 
        http://www.springframework.org/schema/mvc/spring-mvc.xsd
        http://www.springframework.org/schema/context 
        http://www.springframework.org/schema/context/spring-context.xsd">


	<context:component-scan base-package="com.testapp" />

	<context:annotation-config />


	<bean id="insertService" class="com.testapp.service.InsertServiceImpl" />
	<bean id="insertDao" class="com.testapp.dao.InsertDaoImpl" />
	<bean id="validationService" class="com.testapp.service.ValidationServiceImpl" />
	<bean id="validateDao" class="com.testapp.dao.ValidateDaoImpl" />
	<bean id="testService" class="com.testapp.service.TestServiceImpl" />
	<bean id="testDao" class="com.testapp.dao.TestDaoImpl" />
	<bean id="jdbcTemplate" class="org.springframework.jdbc.core.JdbcTemplate">
		<property name="dataSource" ref="datasource" />
	</bean>

	<bean id="datasource"
		class="org.springframework.jdbc.datasource.DriverManagerDataSource">
		<property name="driverClassName" value="com.mysql.jdbc.Driver" />
		<property name="url"
			value="jdbc:mysql://localhost:3306/TestManagementSystem" />
		<property name="username" value="root" />
		<property name="password" value="" />
	</bean>


	<bean id="viewResolver"
		class="org.springframework.web.servlet.view.InternalResourceViewResolver">
		<property name="prefix" value="/WEB-INF/jsp/"></property>
		<property name="suffix" value=".jsp"></property>
	</bean>






</beans>